=========================================================
Job submitted date = Mon 25 Mar 13:21:35 GMT 2024
1 nodes ( 1 processes per node )
1 hosts used: comp66
Job output begins
-----------------

sh: 1: module: not found
/mnt/users/videouser/sextractor/bin/sex /mnt/users/varadaraj/euclid/COSMOS/COSMOS_Y_MOSAIC.fits -CHECKIMAGE_NAME= '/mnt/users/varadaraj/euclid/COSMOS/junk/COSMOS_Y_seg.fits' -WEIGHT_IMAGE= '/mnt/users/varadaraj/euclid/COSMOS/COSMOS_Y_MOSAIC_RMS.fits' -c rohanparam.sc
[1M> 
[1A----- SExtractor 2.19.5 started on 2024-03-25 at 13:21:39 with 1 thread

[1M> Setting catalog parameters
[1A
> WARNING: Not enough apertures provided in config.:
         some APER photometric values will remain blank 

[1M> Reading detection filter
[1A[1M> Initializing Neural Network
[1A[1M> Reading Neural Network Weights
[1A
> WARNING: Not enough apertures provided in config.:
         some APER photometric values will remain blank 

[1M> Initializing check-image(s)
[1A[1M> Initializing catalog
[1A[1M> Looking for COSMOS_Y_MOSAIC.fits
[1A----- Measuring from: COSMOS_Y_MOSAIC.fits
      "Unnamed" / no ext. header / 38800x40000 / 32 bits (floats)
[1M> Looking for COSMOS_Y_MOSAIC_RMS.fits
[1A----- Weighting from: COSMOS_Y_MOSAIC_RMS.fits
      "Unnamed" / no ext. header / 38800x40000 / 32 bits (floats)
Detection+Measurement image: [1M> Setting up background maps
[1A[1M> Setting up background map at line:   64
[1A[1M> Setting up background map at line:  128
[1A[1M> Setting up background map at line:  192
[1A[1M> Setting up background map at line:  256
[1A[1M> Setting up background map at line:  320
[1A[1M> Setting up background map at line:  384
[1A[1M> Setting up background map at line:  448
[1A[1M> Setting up background map at line:  512
[1A[1M> Setting up background map at line:  576
[1A[1M> Setting up background map at line:  640
[1A[1M> Setting up background map at line:  704
[1A[1M> Setting up background map at line:  768
[1A[1M> Setting up background map at line:  832
[1A[1M> Setting up background map at line:  896
[1A[1M> Setting up background map at line:  960
[1A[1M> Setting up background map at line: 1024
[1A[1M> Setting up background map at line: 1088
[1A[1M> Setting up background map at line: 1152
[1A[1M> Setting up background map at line: 1216
[1A[1M> Setting up background map at line: 1280
[1A[1M> Setting up background map at line: 1344
[1A[1M> Setting up background map at line: 1408
[1A[1M> Setting up background map at line: 1472
[1A[1M> Setting up background map at line: 1536
[1A[1M> Setting up background map at line: 1600
[1A[1M> Setting up background map at line: 1664
[1A[1M> Setting up background map at line: 1728
[1A[1M> Setting up background map at line: 1792
[1A[1M> Setting up background map at line: 1856
[1A[1M> Setting up background map at line: 1920
[1A[1M> Setting up background map at line: 1984
[1A[1M> Setting up background map at line: 2048
[1A[1M> Setting up background map at line: 2112
[1A[1M> Setting up background map at line: 2176
[1A[1M> Setting up background map at line: 2240
[1A[1M> Setting up background map at line: 2304
[1A[1M> Setting up background map at line: 2368
[1A[1M> Setting up background map at line: 2432
[1A[1M> Setting up background map at line: 2496
[1A[1M> Setting up background map at line: 2560
[1A[1M> Setting up background map at line: 2624
[1A[1M> Setting up background map at line: 2688
[1A[1M> Setting up background map at line: 2752
[1A[1M> Setting up background map at line: 2816
[1A[1M> Setting up background map at line: 2880
[1A[1M> Setting up background map at line: 2944
[1A[1M> Setting up background map at line: 3008
[1A[1M> Setting up background map at line: 3072
[1A[1M> Setting up background map at line: 3136
[1A[1M> Setting up background map at line: 3200
[1A[1M> Setting up background map at line: 3264
[1A[1M> Setting up background map at line: 3328
[1A[1M> Setting up background map at line: 3392
[1A[1M> Setting up background map at line: 3456
[1A