=========================================================
Job submitted date = Mon 25 Mar 13:18:19 GMT 2024
1 nodes ( 1 processes per node )
1 hosts used: comp66
Job output begins
-----------------

Traceback (most recent call last):
  File "/mnt/vardy/vardygroupshare/rohan/euclid/src/depths/./depth_algo.py", line 69, in <module>
    info = ascii.read(euclid_dir / f'{fieldName}' / 'images.lis', format='ascii.commented_header')
           ^^^^^^^^^^^^^^^^^^^^^^^^^^^^^^^^^^^^^^^^^^^^^^^^^^^^^^^^^^^^^^^^^^^^^^^^^^^^^^^^^^^^^^^
  File "/mnt/users/varadaraj/.local/lib/python3.11/site-packages/astropy/io/ascii/ui.py", line 319, in read
    Reader = _get_format_class(format, kwargs.get("Reader"), "Reader")
             ^^^^^^^^^^^^^^^^^^^^^^^^^^^^^^^^^^^^^^^^^^^^^^^^^^^^^^^^^
  File "/mnt/users/varadaraj/.local/lib/python3.11/site-packages/astropy/io/ascii/ui.py", line 195, in _get_format_class
    raise ValueError(
ValueError: ASCII format 'ascii.commented_header' not in allowed list ['aastex', 'basic', 'cds', 'commented_header', 'csv', 'daophot', 'ecsv', 'fast_basic', 'fast_commented_header', 'fast_csv', 'fast_no_header', 'fast_rdb', 'fast_tab', 'fixed_width', 'fixed_width_no_header', 'fixed_width_two_line', 'html', 'ipac', 'latex', 'mrt', 'no_header', 'qdp', 'rdb', 'rst', 'sextractor', 'tab']
srun: error: comp66: task 0: Exited with exit code 1
---------------
Job output ends
=========================================================
PBS job: finished date = Mon 25 Mar 13:18:27 GMT 2024
Total run time : 0 Hours 0 Minutes 4 Seconds
=========================================================
