=========================================================
Job submitted date = Mon 25 Mar 13:18:45 GMT 2024
1 nodes ( 1 processes per node )
1 hosts used: comp66
Job output begins
-----------------

Traceback (most recent call last):
  File "/mnt/vardy/vardygroupshare/rohan/euclid/src/depths/./depth_algo.py", line 69, in <module>
    info = ascii.read(euclid_dir / f'{fieldName}' / 'images.lis', format='commented_header')
           ^^^^^^^^^^^^^^^^^^^^^^^^^^^^^^^^^^^^^^^^^^^^^^^^^^^^^^^^^^^^^^^^^^^^^^^^^^^^^^^^^
  File "/mnt/users/varadaraj/.local/lib/python3.11/site-packages/astropy/io/ascii/ui.py", line 374, in read
    dat = _guess(table, new_kwargs, format, fast_reader)
          ^^^^^^^^^^^^^^^^^^^^^^^^^^^^^^^^^^^^^^^^^^^^^^
  File "/mnt/users/varadaraj/.local/lib/python3.11/site-packages/astropy/io/ascii/ui.py", line 650, in _guess
    raise core.InconsistentTableError("\n".join(lines)) from None
astropy.io.ascii.core.InconsistentTableError: 
ERROR: Unable to guess table format with the guesses listed below:
Reader:FastCommentedHeader fast_reader: {'enable': True} fill_values: [('', '0')]
Reader:CommentedHeader delimiter: '|' fast_reader: {'enable': True} fill_values: [('', '0')] quotechar: '"'
Reader:CommentedHeader delimiter: '|' fast_reader: {'enable': True} fill_values: [('', '0')] quotechar: "'"
Reader:CommentedHeader delimiter: ',' fast_reader: {'enable': True} fill_values: [('', '0')] quotechar: '"'
Reader:CommentedHeader delimiter: ',' fast_reader: {'enable': True} fill_values: [('', '0')] quotechar: "'"
Reader:CommentedHeader delimiter: ' ' fast_reader: {'enable': True} fill_values: [('', '0')] quotechar: '"'
Reader:CommentedHeader delimiter: ' ' fast_reader: {'enable': True} fill_values: [('', '0')] quotechar: "'"
Reader:CommentedHeader delimiter: '\\s' fast_reader: {'enable': True} fill_values: [('', '0')] quotechar: '"'
Reader:CommentedHeader delimiter: '\\s' fast_reader: {'enable': True} fill_values: [('', '0')] quotechar: "'"
Reader:CommentedHeader fast_reader: {'enable': True} fill_values: [('', '0')]

************************************************************************
** ERROR: Unable to guess table format with the guesses listed above. **
**                                                                    **
** To figure out why the table did not read, use guess=False and      **
** fast_reader=False, along with any appropriate arguments to read(). **
** In particular specify the format and any known attributes like the **
** delimiter.                                                         **
************************************************************************
srun: error: comp66: task 0: Exited with exit code 1
---------------
Job output ends
=========================================================
PBS job: finished date = Mon 25 Mar 13:18:51 GMT 2024
Total run time : 0 Hours 0 Minutes 3 Seconds
=========================================================
