=========================================================
Job submitted date = Thu 21 Mar 13:45:45 GMT 2024
1 nodes ( 1 processes per node )
1 hosts used: comp66
Job output begins
-----------------

Running STUPID
/mnt/users/varadaraj/euclid/Y/COSMOS/EUC_MER_BGSUB-MOSAIC-NIR-Y_TILE_101541378_2.fits
The base name is  EUC_MER_BGSUB-MOSAIC-NIR-Y_TILE_101541378_2
The pixel scale is 0.1000
/mnt/users/videouser/sextractor/bin/sex /mnt/users/varadaraj/euclid/Y/COSMOS/EUC_MER_BGSUB-MOSAIC-NIR-Y_TILE_101541378_2.fits -c /mnt/vardy/vardygroupshare/data/bertin_config/video_mine.sex -CATALOG_TYPE FITS_1.0 -CATALOG_NAME /mnt/vardy/vardygroupshare/rohan/euclid/data/depths/COSMOS/catalogues/dY_2.fits -MAG_ZEROPOINT 29.8 -WEIGHT_TYPE MAP_RMS -WEIGHT_IMAGE /mnt/users/varadaraj/euclid/Y/COSMOS/EUC_MER_MOSAIC-NIR-Y-RMS_TILE_101541378_2.fits -CHECKIMAGE_TYPE "-BACKGROUND,SEGMENTATION" -CHECKIMAGE_NAME "/mnt/vardy/vardygroupshare/rohan/euclid/data/depths/COSMOS/images/Y_2_bgsub.fits,/mnt/vardy/vardygroupshare/rohan/euclid/data/depths/COSMOS/images/Y_2_seg.fits" -PHOT_APERTURES 2.0,2.9999999999999996,5.0,10.0,18.0,20.0,30.0
The SEG and BG subtracted map do not exist.  Running...
[1M> 
[1A----- SExtractor 2.19.5 started on 2024-03-21 at 13:45:52 with 1 thread

[1M> Setting catalog parameters
[1A[1M> Reading detection filter
[1A[1M> Initializing Neural Network
[1A[1M> Reading Neural Network Weights
[1A[1M> Initializing check-image(s)
[1A[1M> Initializing catalog
[1A[1M> Looking for EUC_MER_BGSUB-MOSAIC-NIR-Y_TILE_101541378_2.fits
[1A----- Measuring from: EUC_MER_BGSUB-MOSAIC-NIR-Y_TILE_101541378_2.fits
      "Unnamed" / no ext. header / 10200x10200 / 32 bits (floats)
[1M> Looking for EUC_MER_MOSAIC-NIR-Y-RMS_TILE_101541378_2.fits
[1A----- Weighting from: EUC_MER_MOSAIC-NIR-Y-RMS_TILE_101541378_2.fits
      "Unnamed" / no ext. header / 10200x10200 / 32 bits (floats)
Detection+Measurement image: [1M> Setting up background maps
[1A[1M> Setting up background map at line:   64
[1A[1M> Setting up background map at line:  128
[1A[1M> Setting up background map at line:  192
[1A[1M> Setting up background map at line:  256
[1A[1M> Setting up background map at line:  320
[1A[1M> Setting up background map at line:  384
[1A[1M> Setting up background map at line:  448
[1A[1M> Setting up background map at line:  512
[1A[1M> Setting up background map at line:  576
[1A[1M> Setting up background map at line:  640
[1A[1M> Setting up background map at line:  704
[1A[1M> Setting up background map at line:  768
[1A[1M> Setting up background map at line:  832
[1A[1M> Setting up background map at line:  896
[1A[1M> Setting up background map at line:  960
[1A[1M> Setting up background map at line: 1024
[1A[1M> Setting up background map at line: 1088
[1A[1M> Setting up background map at line: 1152
[1A[1M> Setting up background map at line: 1216
[1A[1M> Setting up background map at line: 1280
[1A[1M> Setting up background map at line: 1344
[1A[1M> Setting up background map at line: 1408
[1A[1M> Setting up background map at line: 1472
[1A[1M> Setting up background map at line: 1536
[1A[1M> Setting up background map at line: 1600
[1A[1M> Setting up background map at line: 1664
[1A[1M> Setting up background map at line: 1728
[1A[1M> Setting up background map at line: 1792
[1A[1M> Setting up background map at line: 1856
[1A[1M> Setting up background map at line: 1920
[1A[1M> Setting up background map at line: 1984
[1A[1M> Setting up background map at line: 2048
[1A[1M> Setting up background map at line: 2112
[1A[1M> Setting up background map at line: 2176
[1A[1M> Setting up background map at line: 2240
[1A[1M> Setting up background map at line: 2304
[1A[1M> Setting up background map at line: 2368
[1A[1M> Setting up background map at line: 2432
[1A[1M> Setting up background map at line: 2496
[1A[1M> Setting up background map at line: 2560
[1A[1M> Setting up background map at line: 2624
[1A[1M> Setting up background map at line: 2688
[1A[1M> Setting up background map at line: 2752
[1A[1M> Setting up background map at line: 2816
[1A[1M> Setting up background map at line: 2880
[1A[1M> Setting up background map at line: 2944
[1A[1M> Setting up background map at line: 3008
[1A[1M> Setting up background map at line: 3072
[1A[1M> Setting up background map at line: 3136
[1A[1M> Setting up background map at line: 3200
[1A[1M> Setting up background map at line: 3264
[1A[1M> Setting up background map at line: 3328
[1A[1M> Setting up background map at line: 3392
[1A[1M> Setting up background map at line: 3456
[1A[1M> Setting up background map at line: 3520
[1A[1M> Setting up background map at line: 3584
[1A[1M> Setting up background map at line: 3648
[1A[1M> Setting up background map at line: 3712
[1A[1M> Setting up background map at line: 3776
[1A[1M> Setting up background map at line: 3840
[1A[1M> Setting up background map at line: 3904
[1A[1M> Setting up background map at line: 3968
[1A[1M> Setting up background map at line: 4032
[1A[1M> Setting up background map at line: 4096
[1A[1M> Setting up background map at line: 4160
[1A[1M> Setting up background map at line: 4224
[1A[1M> Setting up background map at line: 4288
[1A[1M> Setting up background map at line: 4352
[1A[1M> Setting up background map at line: 4416
[1A[1M> Setting up background map at line: 4480
[1A[1M> Setting up background map at line: 4544
[1A[1M> Setting up background map at line: 4608
[1A[1M> Setting up background map at line: 4672
[1A[1M> Setting up background map at line: 4736
[1A[1M> Setting up background map at line: 4800
[1A[1M> Setting up background map at line: 4864
[1A[1M> Setting up background map at line: 4928
[1A[1M> Setting up background map at line: 4992
[1A[1M> Setting up background map at line: 5056
[1A[1M> Setting up background map at line: 5120
[1A[1M> Setting up background map at line: 5184
[1A[1M> Setting up background map at line: 5248
[1A[1M> Setting up background map at line: 5312
[1A[1M> Setting up background map at line: 5376
[1A[1M> Setting up background map at line: 5440
[1A[1M> Setting up background map at line: 5504
[1A[1M> Setting up background map at line: 5568
[1A[1M> Setting up background map at line: 5632
[1A[1M> Setting up background map at line: 5696
[1A[1M> Setting up background map at line: 5760
[1A[1M> Setting up background map at line: 5824
[1A[1M> Setting up background map at line: 5888
[1A[1M> Setting up background map at line: 5952
[1A[1M> Setting up background map at line: 6016
[1A[1M> Setting up background map at line: 6080
[1A[1M> Setting up background map at line: 6144
[1A[1M> Setting up background map at line: 6208
[1A[1M> Setting up background map at line: 6272
[1A[1M> Setting up background map at line: 6336
[1A[1M> Setting up background map at line: 6400
[1A[1M> Setting up background map at line: 6464
[1A[1M> Setting up background map at line: 6528
[1A[1M> Setting up background map at line: 6592
[1A[1M> Setting up background map at line: 6656
[1A[1M> Setting up background map at line: 6720
[1A[1M> Setting up background map at line: 6784
[1A[1M> Setting up background map at line: 6848
[1A[1M> Setting up background map at line: 6912
[1A[1M> Setting up background map at line: 6976
[1A[1M> Setting up background map at line: 7040
[1A[1M> Setting up background map at line: 7104
[1A[1M> Setting up background map at line: 7168
[1A[1M> Setting up background map at line: 7232
[1A[1M> Setting up background map at line: 7296
[1A[1M> Setting up background map at line: 7360
[1A[1M> Setting up background map at line: 7424
[1A[1M> Setting up background map at line: 7488
[1A[1M> Setting up background map at line: 7552
[1A[1M> Setting up background map at line: 7616
[1A[1M> Setting up background map at line: 7680
[1A[1M> Setting up background map at line: 7744
[1A[1M> Setting up background map at line: 7808
[1A[1M> Setting up background map at line: 7872
[1A[1M> Setting up background map at line: 7936
[1A[1M> Setting up background map at line: 8000
[1A[1M> Setting up background map at line: 8064
[1A[1M> Setting up background map at line: 8128
[1A[1M> Setting up background map at line: 8192
[1A[1M> Setting up background map at line: 8256
[1A[1M> Setting up background map at line: 8320
[1A[1M> Setting up background map at line: 8384
[1A[1M> Setting up background map at line: 8448
[1A[1M> Setting up background map at line: 8512
[1A[1M> Setting up background map at line: 8576
[1A[1M> Setting up background map at line: 8640
[1A[1M> Setting up background map at line: 8704
[1A[1M> Setting up background map at line: 8768
[1A[1M> Setting up background map at line: 8832
[1A[1M> Setting up background map at line: 8896
[1A[1M> Setting up background map at line: 8960
[1A[1M> Setting up background map at line: 9024
[1A[1M> Setting up background map at line: 9088
[1A[1M> Setting up background map at line: 9152
[1A[1M> Setting up background map at line: 9216
[1A[1M> Setting up background map at line: 9280
[1A[1M> Setting up background map at line: 9344
[1A[1M> Setting up background map at line: 9408
[1A[1M> Setting up background map at line: 9472
[1A[1M> Setting up background map at line: 9536
[1A[1M> Setting up background map at line: 9600
[1A[1M> Setting up background map at line: 9664
[1A[1M> Setting up background map at line: 9728
[1A[1M> Setting up background map at line: 9792
[1A[1M> Setting up background map at line: 9856
[1A[1M> Setting up background map at line: 9920
[1A[1M> Setting up background map at line: 9984
[1A[1M> Setting up background map at line:10048
[1A[1M> Setting up background map at line:10112
[1A[1M> Setting up background map at line:10176
[1A[1M> Filtering background map(s)
[1A[1M> Computing background d-map
[1A[1M> Computing background-noise d-map
[1A(M+D) Background: 0.0193371  RMS: 0.868442   / Threshold: 1.21582    
[1M> Scanning image
[1A[1M> Line:   25  Objects:        0 detected /        0 sextracted
[1A[1M> Line:   50  Objects:        0 detected /        0 sextracted
[1A[1M> Line:   75  Objects:        0 detected /        0 sextracted
[1A[1M> Line:  100  Objects:        0 detected /        0 sextracted
[1A[1M> Line:  125  Objects:        0 detected /        0 sextracted
[1A[1M> Line:  150  Objects:        0 detected /        0 sextracted
[1A[1M> Line:  175  Objects:        0 detected /        0 sextracted
[1A[1M> Line:  200  Objects:        0 detected /        0 sextracted
[1A[1M> Line:  225  Objects:        0 detected /        0 sextracted
[1A[1M> Line:  250  Objects:        0 detected /        0 sextracted
[1A[1M> Line:  275  Objects:        0 detected /        0 sextracted
[1A[1M> Line:  300  Objects:        0 detected /        0 sextracted
[1A[1M> Line:  325  Objects:        0 detected /        0 sextracted
[1A[1M> Line:  350  Objects:        0 detected /        0 sextracted
[1A[1M> Line:  375  Objects:        0 detected /        0 sextracted
[1A[1M> Line:  400  Objects:        0 detected /        0 sextracted
[1A[1M> Line:  425  Objects:        0 detected /        0 sextracted
[1A[1M> Line:  450  Objects:        0 detected /        0 sextracted
[1A[1M> Line:  475  Objects:        0 detected /        0 sextracted
[1A[1M> Line:  500  Objects:        0 detected /        0 sextracted
[1A[1M> Line:  525  Objects:        0 detected /        0 sextracted
[1A[1M> Line:  550  Objects:        0 detected /        0 sextracted
[1A[1M> Line:  575  Objects:        0 detected /        0 sextracted
[1A[1M> Line:  600  Objects:        0 detected /        0 sextracted
[1A[1M> Line:  625  Objects:        0 detected /        0 sextracted
[1A[1M> Line:  650  Objects:        0 detected /        0 sextracted
[1A[1M> Line:  675  Objects:        0 detected /        0 sextracted
[1A[1M> Line:  700  Objects:        0 detected /        0 sextracted
[1A[1M> Line:  725  Objects:        0 detected /        0 sextracted
[1A[1M> Line:  750  Objects:        0 detected /        0 sextracted
[1A[1M> Line:  775  Objects:        0 detected /        0 sextracted
[1A[1M> Line:  800  Objects:        0 detected /        0 sextracted
[1A[1M> Line:  825  Objects:        0 detected /        0 sextracted
[1A[1M> Line:  850  Objects:        0 detected /        0 sextracted
[1A[1M> Line:  875  Objects:        0 detected /        0 sextracted
[1A[1M> Line:  900  Objects:        0 detected /        0 sextracted
[1A[1M> Line:  925  Objects:        0 detected /        0 sextracted
[1A[1M> Line:  950  Objects:        0 detected /        0 sextracted
[1A[1M> Line:  975  Objects:        0 detected /        0 sextracted
[1A[1M> Line: 1000  Objects:        0 detected /        0 sextracted
[1A[1M> Line: 1025  Objects:        0 detected /        0 sextracted
[1A[1M> Line: 1050  Objects:        0 detected /        0 sextracted
[1A[1M> Line: 1075  Objects:        0 detected /        0 sextracted
[1A[1M> Line: 1100  Objects:        0 detected /        0 sextracted
[1A[1M> Line: 1125  Objects:        0 detected /        0 sextracted
[1A[1M> Line: 1150  Objects:        0 detected /        0 sextracted
[1A[1M> Line: 1175  Objects:        0 detected /        0 sextracted
[1A[1M> Line: 1200  Objects:        0 detected /        0 sextracted
[1A[1M> Line: 1225  Objects:        0 detected /        0 sextracted
[1A[1M> Line: 1250  Objects:        0 detected /        0 sextracted
[1A[1M> Line: 1275  Objects:        0 detected /        0 sextracted
[1A[1M> Line: 1300  Objects:        0 detected /        0 sextracted
[1A[1M> Line: 1325  Objects:        0 detected /        0 sextracted
[1A[1M> Line: 1350  Objects:        0 detected /        0 sextracted
[1A[1M> Line: 1375  Objects:        0 detected /        0 sextracted
[1A[1M> Line: 1400  Objects:        0 detected /        0 sextracted
[1A[1M> Line: 1425  Objects:        0 detected /        0 sextracted
[1A[1M> Line: 1450  Objects:        0 detected /        0 sextracted
[1A[1M> Line: 1475  Objects:        0 detected /        0 sextracted
[1A[1M> Line: 1500  Objects:        0 detected /        0 sextracted
[1A[1M> Line: 1525  Objects:        0 detected /        0 sextracted
[1A[1M> Line: 1550  Objects:        0 detected /        0 sextracted
[1A[1M> Line: 1575  Objects:        0 detected /        0 sextracted
[1A[1M> Line: 1600  Objects:        0 detected /        0 sextracted
[1A[1M> Line: 1625  Objects:        0 detected /        0 sextracted
[1A[1M> Line: 1650  Objects:        0 detected /        0 sextracted
[1A[1M> Line: 1675  Objects:        0 detected /        0 sextracted
[1A[1M> Line: 1700  Objects:        0 detected /        0 sextracted
[1A[1M> Line: 1725  Objects:        0 detected /        0 sextracted
[1A[1M> Line: 1750  Objects:        0 detected /        0 sextracted
[1A[1M> Line: 1775  Objects:        0 detected /        0 sextracted
[1A[1M> Line: 1800  Objects:        0 detected /        0 sextracted
[1A[1M> Line: 1825  Objects:        0 detected /        0 sextracted
[1A[1M> Line: 1850  Objects:        0 detected /        0 sextracted
[1A[1M> Line: 1875  Objects:        0 detected /        0 sextracted
[1A[1M> Line: 1900  Objects:        0 detected /        0 sextracted
[1A[1M> Line: 1925  Objects:        0 detected /        0 sextracted
[1A[1M> Line: 1950  Objects:        0 detected /        0 sextracted
[1A[1M> Line: 1975  Objects:        0 detected /        0 sextracted
[1A[1M> Line: 2000  Objects:        0 detected /        0 sextracted
[1A[1M> Line: 2025  Objects:        0 detected /        0 sextracted
[1A[1M> Line: 2050  Objects:        0 detected /        0 sextracted
[1A[1M> Line: 2075  Objects:        0 detected /        0 sextracted
[1A[1M> Line: 2100  Objects:        0 detected /        0 sextracted
[1A[1M> Line: 2125  Objects:        0 detected /        0 sextracted
[1A[1M> Line: 2150  Objects:        0 detected /        0 sextracted
[1A[1M> Line: 2175  Objects:        0 detected /        0 sextracted
[1A[1M> Line: 2200  Objects:        0 detected /        0 sextracted
[1A[1M> Line: 2225  Objects:        0 detected /        0 sextracted
[1A[1M> Line: 2250  Objects:        0 detected /        0 sextracted
[1A[1M> Line: 2275  Objects:        0 detected /        0 sextracted
[1A[1M> Line: 2300  Objects:        0 detected /        0 sextracted
[1A[1M> Line: 2325  Objects:        0 detected /        0 sextracted
[1A[1M> Line: 2350  Objects:        0 detected /        0 sextracted
[1A[1M> Line: 2375  Objects:        0 detected /        0 sextracted
[1A[1M> Line: 2400  Objects:        0 detected /        0 sextracted
[1A[1M> Line: 2425  Objects:        0 detected /        0 sextracted
[1A[1M> Line: 2450  Objects:        0 detected /        0 sextracted
[1A[1M> Line: 2475  Objects:        0 detected /        0 sextracted
[1A[1M> Line: 2500  Objects:        0 detected /        0 sextracted
[1A[1M> Line: 2525  Objects:        0 detected /        0 sextracted
[1A[1M> Line: 2550  Objects:        0 detected /        0 sextracted
[1A[1M> Line: 2575  Objects:        0 detected /        0 sextracted
[1A[1M> Line: 2600  Objects:        0 detected /        0 sextracted
[1A[1M> Line: 2625  Objects:        0 detected /        0 sextracted
[1A[1M> Line: 2650  Objects:        0 detected /        0 sextracted
[1A[1M> Line: 2675  Objects:        0 detected /        0 sextracted
[1A[1M> Line: 2700  Objects:        0 detected /        0 sextracted
[1A[1M> Line: 2725  Objects:        0 detected /        0 sextracted
[1A[1M> Line: 2750  Objects:        0 detected /        0 sextracted
[1A[1M> Line: 2775  Objects:        0 detected /        0 sextracted
[1A[1M> Line: 2800  Objects:        0 detected /        0 sextracted
[1A[1M> Line: 2825  Objects:        0 detected /        0 sextracted
[1A[1M> Line: 2850  Objects:        0 detected /        0 sextracted
[1A[1M> Line: 2875  Objects:        0 detected /        0 sextracted
[1A[1M> Line: 2900  Objects:        0 detected /        0 sextracted
[1A[1M> Line: 2925  Objects:        0 detected /        0 sextracted
[1A[1M> Line: 2950  Objects:        0 detected /        0 sextracted
[1A[1M> Line: 2975  Objects:        0 detected /        0 sextracted
[1A[1M> Line: 3000  Objects:        0 detected /        0 sextracted
[1A[1M> Line: 3025  Objects:        0 detected /        0 sextracted
[1A[1M> Line: 3050  Objects:        0 detected /        0 sextracted
[1A[1M> Line: 3075  Objects:        0 detected /        0 sextracted
[1A[1M> Line: 3100  Objects:        0 detected /        0 sextracted
[1A[1M> Line: 3125  Objects:        0 detected /        0 sextracted
[1A[1M> Line: 3150  Objects:        0 detected /        0 sextracted
[1A[1M> Line: 3175  Objects:        0 detected /        0 sextracted
[1A[1M> Line: 3200  Objects:        0 detected /        0 sextracted
[1A[1M> Line: 3225  Objects:        0 detected /        0 sextracted
[1A[1M> Line: 3250  Objects:        0 detected /        0 sextracted
[1A[1M> Line: 3275  Objects:        0 detected /        0 sextracted
[1A[1M> Line: 3300  Objects:        0 detected /        0 sextracted
[1A[1M> Line: 3325  Objects:        0 detected /        0 sextracted
[1A[1M> Line: 3350  Objects:        0 detected /        0 sextracted
[1A[1M> Line: 3375  Objects:        0 detected /        0 sextracted
[1A[1M> Line: 3400  Objects:        0 detected /        0 sextracted
[1A[1M> Line: 3425  Objects:        0 detected /        0 sextracted
[1A[1M> Line: 3450  Objects:        0 detected /        0 sextracted
[1A[1M> Line: 3475  Objects:        0 detected /        0 sextracted
[1A[1M> Line: 3500  Objects:        0 detected /        0 sextracted
[1A[1M> Line: 3525  Objects:        0 detected /        0 sextracted
[1A[1M> Line: 3550  Objects:        0 detected /        0 sextracted
[1A[1M> Line: 3575  Objects:        0 detected /        0 sextracted
[1A[1M> Line: 3600  Objects:        0 detected /        0 sextracted
[1A[1M> Line: 3625  Objects:        0 detected /        0 sextracted
[1A[1M> Line: 3650  Objects:        0 detected /        0 sextracted
[1A[1M> Line: 3675  Objects:        0 detected /        0 sextracted
[1A[1M> Line: 3700  Objects:        0 detected /        0 sextracted
[1A[1M> Line: 3725  Objects:        0 detected /        0 sextracted
[1A[1M> Line: 3750  Objects:        0 detected /        0 sextracted
[1A[1M> Line: 3775  Objects:        0 detected /        0 sextracted
[1A[1M> Line: 3800  Objects:        0 detected /        0 sextracted
[1A[1M> Line: 3825  Objects:        0 detected /        0 sextracted
[1A[1M> Line: 3850  Objects:        0 detected /        0 sextracted
[1A[1M> Line: 3875  Objects:        0 detected /        0 sextracted
[1A[1M> Line: 3900  Objects:        0 detected /        0 sextracted
[1A[1M> Line: 3925  Objects:        0 detected /        0 sextracted
[1A[1M> Line: 3950  Objects:        0 detected /        0 sextracted
[1A[1M> Line: 3975  Objects:        0 detected /        0 sextracted
[1A[1M> Line: 4000  Objects:        0 detected /        0 sextracted
[1A[1M> Line: 4025  Objects:        0 detected /        0 sextracted
[1A[1M> Line: 4050  Objects:        0 detected /        0 sextracted
[1A[1M> Line: 4075  Objects:        0 detected /        0 sextracted
[1A[1M> Line: 4100  Objects:        0 detected /        0 sextracted
[1A[1M> Line: 4125  Objects:        0 detected /        0 sextracted
[1A[1M> Line: 4150  Objects:        0 detected /        0 sextracted
[1A[1M> Line: 4175  Objects:        0 detected /        0 sextracted
[1A[1M> Line: 4200  Objects:        0 detected /        0 sextracted
[1A[1M> Line: 4225  Objects:        0 detected /        0 sextracted
[1A[1M> Line: 4250  Objects:        0 detected /        0 sextracted
[1A[1M> Line: 4275  Objects:        0 detected /        0 sextracted
[1A[1M> Line: 4300  Objects:        0 detected /        0 sextracted
[1A[1M> Line: 4325  Objects:        0 detected /        0 sextracted
[1A[1M> Line: 4350  Objects:        0 detected /        0 sextracted
[1A[1M> Line: 4375  Objects:        0 detected /        0 sextracted
[1A[1M> Line: 4400  Objects:        0 detected /        0 sextracted
[1A[1M> Line: 4425  Objects:        0 detected /        0 sextracted
[1A[1M> Line: 4450  Objects:        0 detected /        0 sextracted
[1A[1M> Line: 4475  Objects:        0 detected /        0 sextracted
[1A[1M> Line: 4500  Objects:        0 detected /        0 sextracted
[1A[1M> Line: 4525  Objects:        0 detected /        0 sextracted
[1A[1M> Line: 4550  Objects:        0 detected /        0 sextracted
[1A[1M> Line: 4575  Objects:        0 detected /        0 sextracted
[1A[1M> Line: 4600  Objects:        0 detected /        0 sextracted
[1A[1M> Line: 4625  Objects:        0 detected /        0 sextracted
[1A[1M> Line: 4650  Objects:        0 detected /        0 sextracted
[1A[1M> Line: 4675  Objects:        0 detected /        0 sextracted
[1A[1M> Line: 4700  Objects:        0 detected /        0 sextracted
[1A[1M> Line: 4725  Objects:        0 detected /        0 sextracted
[1A[1M> Line: 4750  Objects:        0 detected /        0 sextracted
[1A[1M> Line: 4775  Objects:        0 detected /        0 sextracted
[1A[1M> Line: 4800  Objects:        0 detected /        0 sextracted
[1A[1M> Line: 4825  Objects:        0 detected /        0 sextracted
[1A[1M> Line: 4850  Objects:        0 detected /        0 sextracted
[1A[1M> Line: 4875  Objects:        0 detected /        0 sextracted
[1A[1M> Line: 4900  Objects:        0 detected /        0 sextracted
[1A[1M> Line: 4925  Objects:        0 detected /        0 sextracted
[1A[1M> Line: 4950  Objects:        0 detected /        0 sextracted
[1A[1M> Line: 4975  Objects:        0 detected /        0 sextracted
[1A[1M> Line: 5000  Objects:        0 detected /        0 sextracted
[1A[1M> Line: 5025  Objects:        0 detected /        0 sextracted
[1A[1M> Line: 5050  Objects:        0 detected /        0 sextracted
[1A[1M> Line: 5075  Objects:        0 detected /        0 sextracted
[1A[1M> Line: 5100  Objects:        0 detected /        0 sextracted
[1A[1M> Line: 5125  Objects:        0 detected /        0 sextracted
[1A[1M> Line: 5150  Objects:        0 detected /        0 sextracted
[1A[1M> Line: 5175  Objects:        0 detected /        0 sextracted
[1A[1M> Line: 5200  Objects:        0 detected /        0 sextracted
[1A[1M> Line: 5225  Objects:        0 detected /        0 sextracted
[1A[1M> Line: 5250  Objects:        0 detected /        0 sextracted
[1A[1M> Line: 5275  Objects:        0 detected /        0 sextracted
[1A[1M> Line: 5300  Objects:        0 detected /        0 sextracted
[1A[1M> Line: 5325  Objects:        0 detected /        0 sextracted
[1A[1M> Line: 5350  Objects:        0 detected /        0 sextracted
[1A[1M> Line: 5375  Objects:        0 detected /        0 sextracted
[1A[1M> Line: 5400  Objects:        0 detected /        0 sextracted
[1A[1M> Line: 5425  Objects:        0 detected /        0 sextracted
[1A[1M> Line: 5450  Objects:        0 detected /        0 sextracted
[1A[1M> Line: 5475  Objects:        0 detected /        0 sextracted
[1A[1M> Line: 5500  Objects:        0 detected /        0 sextracted
[1A[1M> Line: 5525  Objects:        0 detected /        0 sextracted
[1A[1M> Line: 5550  Objects:        0 detected /        0 sextracted
[1A[1M> Line: 5575  Objects:        0 detected /        0 sextracted
[1A[1M> Line: 5600  Objects:        0 detected /        0 sextracted
[1A[1M> Line: 5625  Objects:        0 detected /        0 sextracted
[1A[1M> Line: 5650  Objects:        0 detected /        0 sextracted
[1A[1M> Line: 5675  Objects:        0 detected /        0 sextracted
[1A[1M> Line: 5700  Objects:        0 detected /        0 sextracted
[1A[1M> Line: 5725  Objects:        0 detected /        0 sextracted
[1A[1M> Line: 5750  Objects:        0 detected /        0 sextracted
[1A[1M> Line: 5775  Objects:        0 detected /        0 sextracted
[1A[1M> Line: 5800  Objects:        0 detected /        0 sextracted
[1A[1M> Line: 5825  Objects:        0 detected /        0 sextracted
[1A[1M> Line: 5850  Objects:        0 detected /        0 sextracted
[1A[1M> Line: 5875  Objects:        0 detected /        0 sextracted
[1A[1M> Line: 5900  Objects:        0 detected /        0 sextracted
[1A[1M> Line: 5925  Objects:        0 detected /        0 sextracted
[1A[1M> Line: 5950  Objects:        0 detected /        0 sextracted
[1A[1M> Line: 5975  Objects:        0 detected /        0 sextracted
[1A[1M> Line: 6000  Objects:        0 detected /        0 sextracted
[1A[1M> Line: 6025  Objects:        0 detected /        0 sextracted
[1A[1M> Line: 6050  Objects:        0 detected /        0 sextracted
[1A[1M> Line: 6075  Objects:        0 detected /        0 sextracted
[1A[1M> Line: 6100  Objects:        0 detected /        0 sextracted
[1A[1M> Line: 6125  Objects:        0 detected /        0 sextracted
[1A[1M> Line: 6150  Objects:        0 detected /        0 sextracted
[1A[1M> Line: 6175  Objects:        0 detected /        0 sextracted
[1A[1M> Line: 6200  Objects:        0 detected /        0 sextracted
[1A[1M> Line: 6225  Objects:        0 detected /        0 sextracted
[1A[1M> Line: 6250  Objects:        0 detected /        0 sextracted
[1A[1M> Line: 6275  Objects:        0 detected /        0 sextracted
[1A[1M> Line: 6300  Objects:        0 detected /        0 sextracted
[1A[1M> Line: 6325  Objects:        0 detected /        0 sextracted
[1A[1M> Line: 6350  Objects:        0 detected /        0 sextracted
[1A[1M> Line: 6375  Objects:        0 detected /        0 sextracted
[1A[1M> Line: 6400  Objects:        0 detected /        0 sextracted
[1A[1M> Line: 6425  Objects:        0 detected /        0 sextracted
[1A[1M> Line: 6450  Objects:        0 detected /        0 sextracted
[1A[1M> Line: 6475  Objects:        0 detected /        0 sextracted
[1A[1M> Line: 6500  Objects:        0 detected /        0 sextracted
[1A[1M> Line: 6525  Objects:        0 detected /        0 sextracted
[1A[1M> Line: 6550  Objects:        0 detected /        0 sextracted
[1A[1M> Line: 6575  Objects:        0 detected /        0 sextracted
[1A[1M> Line: 6600  Objects:        0 detected /        0 sextracted
[1A[1M> Line: 6625  Objects:        0 detected /        0 sextracted
[1A[1M> Line: 6650  Objects:        0 detected /        0 sextracted
[1A[1M> Line: 6675  Objects:        0 detected /        0 sextracted
[1A[1M> Line: 6700  Objects:        0 detected /        0 sextracted
[1A[1M> Line: 6725  Objects:        0 detected /        0 sextracted
[1A[1M> Line: 6750  Objects:        0 detected /        0 sextracted
[1A[1M> Line: 6775  Objects:        0 detected /        0 sextracted
[1A[1M> Line: 6800  Objects:        0 detected /        0 sextracted
[1A[1M> Line: 6825  Objects:        0 detected /        0 sextracted
[1A[1M> Line: 6850  Objects:        0 detected /        0 sextracted
[1A[1M> Line: 6875  Objects:        0 detected /        0 sextracted
[1A[1M> Line: 6900  Objects:        0 detected /        0 sextracted
[1A[1M> Line: 6925  Objects:        0 detected /        0 sextracted
[1A[1M> Line: 6950  Objects:        0 detected /        0 sextracted
[1A[1M> Line: 6975  Objects:        0 detected /        0 sextracted
[1A[1M> Line: 7000  Objects:        0 detected /        0 sextracted
[1A[1M> Line: 7025  Objects:        1 detected /        0 sextracted
[1A[1M> Line: 7050  Objects:        4 detected /        0 sextracted
[1A[1M> Line: 7075  Objects:        5 detected /        0 sextracted
[1A[1M> Line: 7100  Objects:        7 detected /        0 sextracted
[1A[1M> Line: 7125  Objects:        7 detected /        0 sextracted
[1A[1M> Line: 7150  Objects:        8 detected /        0 sextracted
[1A[1M> Line: 7175  Objects:        9 detected /        0 sextracted
[1A[1M> Line: 7200  Objects:       10 detected /        0 sextracted
[1A[1M> Line: 7225  Objects:       12 detected /        0 sextracted
[1A[1M> Line: 7250  Objects:       16 detected /        0 sextracted
[1A[1M> Line: 7275  Objects:       19 detected /        0 sextracted
[1A[1M> Line: 7300  Objects:       24 detected /        0 sextracted
[1A[1M> Line: 7325  Objects:       26 detected /        0 sextracted
[1A[1M> Line: 7350  Objects:       30 detected /        0 sextracted
[1A[1M> Line: 7375  Objects:       32 detected /        0 sextracted
[1A[1M> Line: 7400  Objects:       39 detected /        0 sextracted
[1A[1M> Line: 7425  Objects:       43 detected /        0 sextracted
[1A[1M> Line: 7450  Objects:       47 detected /        0 sextracted
[1A[1M> Line: 7475  Objects:       50 detected /        0 sextracted
[1A[1M> Line: 7500  Objects:       55 detected /        0 sextracted
[1A[1M> Line: 7525  Objects:       59 detected /        0 sextracted
[1A[1M> Line: 7550  Objects:       66 detected /        0 sextracted
[1A[1M> Line: 7575  Objects:       73 detected /        0 sextracted
[1A[1M> Line: 7600  Objects:       78 detected /        0 sextracted
[1A[1M> Line: 7625  Objects:       83 detected /        0 sextracted
[1A[1M> Line: 7650  Objects:       88 detected /        0 sextracted
[1A[1M> Line: 7675  Objects:       91 detected /        0 sextracted
[1A[1M> Line: 7700  Objects:       98 detected /        0 sextracted
[1A[1M> Line: 7725  Objects:      106 detected /        0 sextracted
[1A[1M> Line: 7750  Objects:      118 detected /        0 sextracted
[1A[1M> Line: 7775  Objects:      123 detected /        0 sextracted
[1A[1M> Line: 7800  Objects:      129 detected /        0 sextracted
[1A[1M> Line: 7825  Objects:      134 detected /        0 sextracted
[1A[1M> Line: 7850  Objects:      142 detected /        0 sextracted
[1A[1M> Line: 7875  Objects:      147 detected /        0 sextracted
[1A[1M> Line: 7900  Objects:      160 detected /        0 sextracted
[1A[1M> Line: 7925  Objects:      169 detected /        0 sextracted
[1A[1M> Line: 7950  Objects:      175 detected /        0 sextracted
[1A[1M> Line: 7975  Objects:      186 detected /        0 sextracted
[1A[1M> Line: 8000  Objects:      194 detected /        0 sextracted
[1A[1M> Line: 8014  Objects:      201 detected /        0 sextracted
[1A[1M> Line: 8025  Objects:      205 detected /        1 sextracted
[1A[1M> Line: 8050  Objects:      211 detected /        4 sextracted
[1A[1M> Line: 8075  Objects:      227 detected /        6 sextracted
[1A[1M> Line: 8100  Objects:      239 detected /        7 sextracted
[1A[1M> Line: 8125  Objects:      252 detected /        7 sextracted
[1A[1M> Line: 8150  Objects:      267 detected /        9 sextracted
[1A[1M> Line: 8175  Objects:      284 detected /       10 sextracted
[1A[1M> Line: 8200  Objects:      292 detected /       12 sextracted
[1A[1M> Line: 8225  Objects:      312 detected /       13 sextracted
[1A[1M> Line: 8250  Objects:      326 detected /       17 sextracted
[1A[1M> Line: 8275  Objects:      340 detected /       23 sextracted
[1A[1M> Line: 8300  Objects:      361 detected /       25 sextracted
[1A[1M> Line: 8325  Objects:      382 detected /       28 sextracted
[1A[1M> Line: 8350  Objects:      396 detected /       30 sextracted
[1A[1M> Line: 8375  Objects:      414 detected /       33 sextracted
[1A[1M> Line: 8400  Objects:      432 detected /       36 sextracted
[1A[1M> Line: 8425  Objects:      455 detected /       40 sextracted
[1A[1M> Line: 8450  Objects:      473 detected /       44 sextracted
[1A[1M> Line: 8475  Objects:      492 detected /       49 sextracted
[1A[1M> Line: 8500  Objects:      512 detected /       53 sextracted
[1A[1M> Line: 8525  Objects:      535 detected /       57 sextracted
[1A[1M> Line: 8550  Objects:      560 detected /       66 sextracted
[1A[1M> Line: 8575  Objects:      581 detected /       72 sextracted
[1A[1M> Line: 8600  Objects:      606 detected /       77 sextracted
[1A[1M> Line: 8625  Objects:      635 detected /       84 sextracted
[1A[1M> Line: 8650  Objects:      652 detected /       86 sextracted
[1A[1M> Line: 8675  Objects:      681 detected /       91 sextracted
[1A[1M> Line: 8700  Objects:      703 detected /       96 sextracted
[1A[1M> Line: 8725  Objects:      731 detected /      103 sextracted
[1A[1M> Line: 8750  Objects:      750 detected /      114 sextracted
[1A[1M> Line: 8775  Objects:      785 detected /      121 sextracted
[1A[1M> Line: 8800  Objects:      821 detected /      125 sextracted
[1A[1M> Line: 8825  Objects:      853 detected /      138 sextracted
[1A[1M> Line: 8850  Objects:      869 detected /      144 sextracted
[1A[1M> Line: 8875  Objects:      893 detected /      148 sextracted
[1A[1M> Line: 8900  Objects:      929 detected /      154 sextracted
[1A[1M> Line: 8925  Objects:      965 detected /      160 sextracted
[1A[1M> Line: 8950  Objects:      993 detected /      172 sextracted
[1A[1M> Line: 8975  Objects:     1007 detected /      183 sextracted
[1A[1M> Line: 9000  Objects:     1033 detected /      192 sextracted
[1A[1M> Line: 9025  Objects:     1064 detected /      201 sextracted
[1A[1M> Line: 9050  Objects:     1102 detected /      209 sextracted
[1A[1M> Line: 9075  Objects:     1124 detected /      226 sextracted
[1A[1M> Line: 9100  Objects:     1158 detected /      235 sextracted
[1A[1M> Line: 9125  Objects:     1181 detected /      251 sextracted
[1A[1M> Line: 9150  Objects:     1214 detected /      266 sextracted
[1A[1M> Line: 9175  Objects:     1242 detected /      282 sextracted
[1A[1M> Line: 9200  Objects:     1277 detected /      293 sextracted
[1A[1M> Line: 9225  Objects:     1303 detected /      311 sextracted
[1A[1M> Line: 9250  Objects:     1333 detected /      328 sextracted
[1A[1M> Line: 9275  Objects:     1358 detected /      337 sextracted
[1A[1M> Line: 9300  Objects:     1399 detected /      358 sextracted
[1A[1M> Line: 9325  Objects:     1432 detected /      375 sextracted
[1A[1M> Line: 9350  Objects:     1465 detected /      385 sextracted
[1A[1M> Line: 9373  Objects:     1496 detected /      400 sextracted
[1A[1M> Line: 9375  Objects:     1501 detected /      406 sextracted
[1A[1M> Line: 9400  Objects:     1532 detected /      424 sextracted
[1A[1M> Line: 9425  Objects:     1568 detected /      440 sextracted
[1A[1M> Line: 9450  Objects:     1602 detected /      451 sextracted
[1A[1M> Line: 9475  Objects:     1636 detected /      477 sextracted
[1A[1M> Line: 9500  Objects:     1663 detected /      496 sextracted
[1A[1M> Line: 9525  Objects:     1697 detected /      520 sextracted
[1A[1M> Line: 9550  Objects:     1723 detected /      546 sextracted
[1A[1M> Line: 9575  Objects:     1763 detected /      569 sextracted
[1A[1M> Line: 9600  Objects:     1799 detected /      595 sextracted
[1A[1M> Line: 9625  Objects:     1832 detected /      614 sextracted
[1A[1M> Line: 9650  Objects:     1868 detected /      638 sextracted
[1A[1M> Line: 9675  Objects:     1910 detected /      659 sextracted
[1A[1M> Line: 9700  Objects:     1942 detected /      680 sextracted
[1A[1M> Line: 9725  Objects:     1977 detected /      700 sextracted
[1A[1M> Line: 9750  Objects:     2021 detected /      724 sextracted
[1A[1M> Line: 9775  Objects:     2055 detected /      753 sextracted
[1A[1M> Line: 9800  Objects:     2092 detected /      780 sextracted
[1A[1M> Line: 9823  Objects:     2127 detected /      800 sextracted
[1A[1M> Line: 9825  Objects:     2133 detected /      804 sextracted
[1A[1M> Line: 9850  Objects:     2155 detected /      826 sextracted
[1A[1M> Line: 9875  Objects:     2198 detected /      848 sextracted
[1A[1M> Line: 9900  Objects:     2233 detected /      878 sextracted
[1A[1M> Line: 9925  Objects:     2272 detected /      905 sextracted
[1A[1M> Line: 9950  Objects:     2312 detected /      905 sextracted
[1A[1M> Line: 9975  Objects:     2352 detected /      905 sextracted
[1A[1M> Line:10000  Objects:     2404 detected /      905 sextracted
[1A[1M> Line:10025  Objects:     2450 detected /      905 sextracted
[1A[1M> Line:10050  Objects:     2497 detected /      905 sextracted
[1A[1M> Line:10075  Objects:     2532 detected /      905 sextracted
[1A[1M> Line:10100  Objects:     2572 detected /      905 sextracted
[1A[1M> Line:10125  Objects:     2614 detected /      905 sextracted
[1A[1M> Line:10150  Objects:     2662 detected /      905 sextracted
[1A[1M> Line:10175  Objects:     2711 detected /      905 sextracted
[1A[1M> Line:10200  Objects:     2748 detected /      905 sextracted
[1A[1M> Line:10200  Objects:     2770 detected /     1200 sextracted
[1A[1M> Line:10200  Objects:     2770 detected /     1600 sextracted
[1A[1M> Line:10200  Objects:     2770 detected /     2000 sextracted
[1A[1M> Line:10200  Objects:     2770 detected /     2400 sextracted
[1A      Objects: detected 2770     / sextracted 2581            

[1M> Closing files
[1A[1M> 
[1A> All done (in 50.6 s: 201.4 lines/s , 51.0 detections/s)
Measuring the aperture photometry.
The number of apertures is  114921
In ap phot fast 
Before phot fast 
After ap phot fast 
Before phot fast 
After ap phot fast 
Before phot fast 
After ap phot fast 
Before phot fast 
After ap phot fast 
Before phot fast 
After ap phot fast 
Before phot fast 
After ap phot fast 
Before phot fast 
After ap phot fast 
In ap phot fast 
Before phot fast 
After ap phot fast 
Before phot fast 
After ap phot fast 
Before phot fast 
After ap phot fast 
Before phot fast 
After ap phot fast 
Before phot fast 
After ap phot fast 
Before phot fast 
After ap phot fast 
Before phot fast 
After ap phot fast 
In ap phot fast 
Before phot fast 
After ap phot fast 
Before phot fast 
After ap phot fast 
Before phot fast 
After ap phot fast 
Before phot fast 
After ap phot fast 
Before phot fast 
After ap phot fast 
Before phot fast 
After ap phot fast 
Before phot fast 
After ap phot fast 
Cleaning at the aperture phot level
Renaming column from  IMAGE_flux_0 IMAGE_flux_0.2as
Renaming column from  IMAGE_flux_1 IMAGE_flux_0.3as
Renaming column from  IMAGE_flux_2 IMAGE_flux_0.5as
Renaming column from  IMAGE_flux_3 IMAGE_flux_1.0as
Renaming column from  IMAGE_flux_4 IMAGE_flux_1.8as
Renaming column from  IMAGE_flux_5 IMAGE_flux_2.0as
Renaming column from  IMAGE_flux_6 IMAGE_flux_3.0as
Renaming column from  SEG_flux_2 SEG_flux_0.5as
Renaming column from  WHT_flux_2 WHT_flux_0.5as
Aperture table has been saved to  /mnt/vardy/vardygroupshare/rohan/euclid/data/depths/COSMOS/phot/Y_2_aperPhot.fits
Extracting local and global depths for aperture =  0.2  as.
File will be saved to  /mnt/vardy/vardygroupshare/rohan/euclid/data/depths/COSMOS/phot/Y_2_0.2as_gridDepths_300_200.fits
Reading file  /mnt/vardy/vardygroupshare/rohan/euclid/data/depths/COSMOS/phot/Y_2_aperPhot.fits
Step =  200  numx, y =  51.0 51.0
Max =  10155.0 10155.0 10155.0 15.0
There are  2601  positions to calculate depths for.
the miminum x separation is  200.0
The largest radii [458.31213 458.31213 459.61942 459.61942]
/mnt/vardy/vardygroupshare/rohan/euclid/src/depths/new_depth_codes.py:1189: RuntimeWarning: divide by zero encountered in log10
  print("The mad sigma is ", sigma_mad, " after first run, mag = {0:.2f}".format(-2.5*np.log10(5.0*sigma_mad) + zeropoint))
The mad sigma is  0.0  after first run, mag = inf
At position  0
The largest radii [365.30807 366.94687 367.76352 367.76352]
The mad sigma is  0.0  after first run, mag = inf
The largest radii [355.87918 356.7212  356.7212  356.7212 ]
The mad sigma is  0.0  after first run, mag = inf
The largest radii [355.87918 356.7212  356.7212  356.7212 ]
The mad sigma is  0.0  after first run, mag = inf
The largest radii [353.62408 353.62408 355.31677 355.31677]
The mad sigma is  0.0  after first run, mag = inf
The largest radii [355.87918 356.7212  356.7212  356.7212 ]
The mad sigma is  0.0  after first run, mag = inf
The largest radii [355.87918 356.7212  356.7212  356.7212 ]
The mad sigma is  0.0  after first run, mag = inf
The largest radii [353.62408 353.62408 355.31677 355.31677]
The mad sigma is  0.0  after first run, mag = inf
The largest radii [355.87918 356.7212  356.7212  356.7212 ]
The mad sigma is  0.0  after first run, mag = inf
The largest radii [355.87918 356.7212  356.7212  356.7212 ]
The mad sigma is  0.0  after first run, mag = inf
The largest radii [353.62408 353.62408 355.31677 355.31677]
The mad sigma is  0.0  after first run, mag = inf
The largest radii [355.87918 356.7212  356.7212  356.7212 ]
The mad sigma is  0.0  after first run, mag = inf
The largest radii [355.87918 356.7212  356.7212  356.7212 ]
The mad sigma is  0.0  after first run, mag = inf
The largest radii [353.62408 353.62408 355.31677 355.31677]
The mad sigma is  0.0  after first run, mag = inf
The largest radii [355.87918 356.7212  356.7212  356.7212 ]
The mad sigma is  0.0  after first run, mag = inf
The largest radii [355.87918 356.7212  356.7212  356.7212 ]
The mad sigma is  0.0  after first run, mag = inf
The largest radii [353.62408 353.62408 355.31677 355.31677]
The mad sigma is  8.836984634399414e-08  after first run, mag = 45.69
After the first clipping we have  164  good indicies.
After the second clipping we have  0  good indicies.
/mnt/users/varadaraj/.local/lib/python3.11/site-packages/numpy/core/fromnumeric.py:3504: RuntimeWarning: Mean of empty slice.
  return _methods._mean(a, axis=axis, dtype=dtype,
/mnt/users/varadaraj/.local/lib/python3.11/site-packages/numpy/core/_methods.py:129: RuntimeWarning: invalid value encountered in divide
  ret = ret.dtype.type(ret / rcount)
After second clipping... =  nan
The depth = nan
NAN here nan
---------------
Job output ends
=========================================================
PBS job: finished date = Thu 21 Mar 13:46:55 GMT 2024
Total run time : 0 Hours 1 Minutes 5 Seconds
=========================================================
